L 1 "src\fonts\font_8x12.c"
N#include "font_defs.h"
L 1 "src\fonts\font_defs.h" 1
N
N#include "stdint.h"	// std typedefs
L 1 "C:\Keil\ARM\RV31\Inc\stdint.h" 1
N/* Copyright (C) ARM Ltd., 1999 */
N/* All rights reserved */
N
N/*
N * RCS $Revision: 137748 $
N * Checkin $Date: 2008-09-11 17:34:24 +0100 (Thu, 11 Sep 2008) $
N * Revising $Author: agrant $
N */
N
N#ifndef __stdint_h
N#define __stdint_h
N
N  #ifndef __STDINT_DECLS
N  #define __STDINT_DECLS
N
N    #undef __CLIBNS
N
N    #ifdef __cplusplus
S      namespace std {
S          #define __CLIBNS std::
S          extern "C" {
N    #else
N      #define __CLIBNS
N    #endif  /* __cplusplus */
N
N
N/*
N * 'signed' is redundant below, except for 'signed char' and if
N * the typedef is used to declare a bitfield.
N * '__int64' is used instead of 'long long' so that this header
N * can be used in --strict mode.
N */
N
N    /* 7.18.1.1 */
N
N    /* exact-width signed integer types */
Ntypedef   signed          char int8_t;
Ntypedef   signed short     int int16_t;
Ntypedef   signed           int int32_t;
Ntypedef   signed       __int64 int64_t;
N
N    /* exact-width unsigned integer types */
Ntypedef unsigned          char uint8_t;
Ntypedef unsigned short     int uint16_t;
Ntypedef unsigned           int uint32_t;
Ntypedef unsigned       __int64 uint64_t;
N
N    /* 7.18.1.2 */
N
N    /* smallest type of at least n bits */
N    /* minimum-width signed integer types */
Ntypedef   signed          char int_least8_t;
Ntypedef   signed short     int int_least16_t;
Ntypedef   signed           int int_least32_t;
Ntypedef   signed       __int64 int_least64_t;
N
N    /* minimum-width unsigned integer types */
Ntypedef unsigned          char uint_least8_t;
Ntypedef unsigned short     int uint_least16_t;
Ntypedef unsigned           int uint_least32_t;
Ntypedef unsigned       __int64 uint_least64_t;
N
N    /* 7.18.1.3 */
N
N    /* fastest minimum-width signed integer types */
Ntypedef   signed           int int_fast8_t;
Ntypedef   signed           int int_fast16_t;
Ntypedef   signed           int int_fast32_t;
Ntypedef   signed       __int64 int_fast64_t;
N
N    /* fastest minimum-width unsigned integer types */
Ntypedef unsigned           int uint_fast8_t;
Ntypedef unsigned           int uint_fast16_t;
Ntypedef unsigned           int uint_fast32_t;
Ntypedef unsigned       __int64 uint_fast64_t;
N
N    /* 7.18.1.4 integer types capable of holding object pointers */
Ntypedef   signed           int intptr_t;
Ntypedef unsigned           int uintptr_t;
N
N    /* 7.18.1.5 greatest-width integer types */
Ntypedef   signed       __int64 intmax_t;
Ntypedef unsigned       __int64 uintmax_t;
N
N
N#if !defined(__cplusplus) || defined(__STDC_LIMIT_MACROS)
X#if !0L || 0L
N
N    /* 7.18.2.1 */
N
N    /* minimum values of exact-width signed integer types */
N#define INT8_MIN                   -128
N#define INT16_MIN                -32768
N#define INT32_MIN          (~0x7fffffff)   /* -2147483648 is unsigned */
N#define INT64_MIN  __ESCAPE__(~0x7fffffffffffffffll) /* -9223372036854775808 is unsigned */
N
N    /* maximum values of exact-width signed integer types */
N#define INT8_MAX                    127
N#define INT16_MAX                 32767
N#define INT32_MAX            2147483647
N#define INT64_MAX  __ESCAPE__(9223372036854775807ll)
N
N    /* maximum values of exact-width unsigned integer types */
N#define UINT8_MAX                   255
N#define UINT16_MAX                65535
N#define UINT32_MAX           4294967295u
N#define UINT64_MAX __ESCAPE__(18446744073709551615ull)
N
N    /* 7.18.2.2 */
N
N    /* minimum values of minimum-width signed integer types */
N#define INT_LEAST8_MIN                   -128
N#define INT_LEAST16_MIN                -32768
N#define INT_LEAST32_MIN          (~0x7fffffff)
N#define INT_LEAST64_MIN  __ESCAPE__(~0x7fffffffffffffffll)
N
N    /* maximum values of minimum-width signed integer types */
N#define INT_LEAST8_MAX                    127
N#define INT_LEAST16_MAX                 32767
N#define INT_LEAST32_MAX            2147483647
N#define INT_LEAST64_MAX  __ESCAPE__(9223372036854775807ll)
N
N    /* maximum values of minimum-width unsigned integer types */
N#define UINT_LEAST8_MAX                   255
N#define UINT_LEAST16_MAX                65535
N#define UINT_LEAST32_MAX           4294967295u
N#define UINT_LEAST64_MAX __ESCAPE__(18446744073709551615ull)
N
N    /* 7.18.2.3 */
N
N    /* minimum values of fastest minimum-width signed integer types */
N#define INT_FAST8_MIN           (~0x7fffffff)
N#define INT_FAST16_MIN          (~0x7fffffff)
N#define INT_FAST32_MIN          (~0x7fffffff)
N#define INT_FAST64_MIN  __ESCAPE__(~0x7fffffffffffffffll)
N
N    /* maximum values of fastest minimum-width signed integer types */
N#define INT_FAST8_MAX             2147483647
N#define INT_FAST16_MAX            2147483647
N#define INT_FAST32_MAX            2147483647
N#define INT_FAST64_MAX  __ESCAPE__(9223372036854775807ll)
N
N    /* maximum values of fastest minimum-width unsigned integer types */
N#define UINT_FAST8_MAX            4294967295u
N#define UINT_FAST16_MAX           4294967295u
N#define UINT_FAST32_MAX           4294967295u
N#define UINT_FAST64_MAX __ESCAPE__(18446744073709551615ull)
N
N    /* 7.18.2.4 */
N
N    /* minimum value of pointer-holding signed integer type */
N#define INTPTR_MIN (~0x7fffffff)
N
N    /* maximum value of pointer-holding signed integer type */
N#define INTPTR_MAX   2147483647
N
N    /* maximum value of pointer-holding unsigned integer type */
N#define UINTPTR_MAX  4294967295u
N
N    /* 7.18.2.5 */
N
N    /* minimum value of greatest-width signed integer type */
N#define INTMAX_MIN  __ESCAPE__(~0x7fffffffffffffffll)
N
N    /* maximum value of greatest-width signed integer type */
N#define INTMAX_MAX  __ESCAPE__(9223372036854775807ll)
N
N    /* maximum value of greatest-width unsigned integer type */
N#define UINTMAX_MAX __ESCAPE__(18446744073709551615ull)
N
N    /* 7.18.3 */
N
N    /* limits of ptrdiff_t */
N#define PTRDIFF_MIN (~0x7fffffff)
N#define PTRDIFF_MAX   2147483647
N
N    /* limits of sig_atomic_t */
N#define SIG_ATOMIC_MIN (~0x7fffffff)
N#define SIG_ATOMIC_MAX   2147483647
N
N    /* limit of size_t */
N#define SIZE_MAX 4294967295u
N
N    /* limits of wchar_t */
N    /* NB we have to undef and redef because they're defined in both
N     * stdint.h and wchar.h */
N#undef WCHAR_MIN
N#undef WCHAR_MAX
N
N#if defined(__WCHAR32)
X#if 0L
S  #define WCHAR_MIN   0
S  #define WCHAR_MAX   0xffffffffU
N#else
N  #define WCHAR_MIN   0
N  #define WCHAR_MAX   65535
N#endif
N
N    /* limits of wint_t */
N#define WINT_MIN (~0x7fffffff)
N#define WINT_MAX 2147483647
N
N#endif /* __STDC_LIMIT_MACROS */
N
N#if !defined(__cplusplus) || defined(__STDC_CONSTANT_MACROS)
X#if !0L || 0L
N
N    /* 7.18.4.1 macros for minimum-width integer constants */
N#define INT8_C(x)   (x)
N#define INT16_C(x)  (x)
N#define INT32_C(x)  (x)
N#define INT64_C(x)  __ESCAPE__(x ## ll)
N
N#define UINT8_C(x)  (x ## u)
N#define UINT16_C(x) (x ## u)
N#define UINT32_C(x) (x ## u)
N#define UINT64_C(x) __ESCAPE__(x ## ull)
N
N    /* 7.18.4.2 macros for greatest-width integer constants */
N#define INTMAX_C(x)  __ESCAPE__(x ## ll)
N#define UINTMAX_C(x) __ESCAPE__(x ## ull)
N
N#endif /* __STDC_CONSTANT_MACROS */
N
N    #ifdef __cplusplus
S         }  /* extern "C" */
S      }  /* namespace std */
N    #endif /* __cplusplus */
N  #endif /* __STDINT_DECLS */
N
N  #ifdef __cplusplus
S    #ifndef __STDINT_NO_EXPORTS
S      using ::std::int8_t;
S      using ::std::int16_t;
S      using ::std::int32_t;
S      using ::std::int64_t;
S      using ::std::uint8_t;
S      using ::std::uint16_t;
S      using ::std::uint32_t;
S      using ::std::uint64_t;
S      using ::std::int_least8_t;
S      using ::std::int_least16_t;
S      using ::std::int_least32_t;
S      using ::std::int_least64_t;
S      using ::std::uint_least8_t;
S      using ::std::uint_least16_t;
S      using ::std::uint_least32_t;
S      using ::std::uint_least64_t;
S      using ::std::int_fast8_t;
S      using ::std::int_fast16_t;
S      using ::std::int_fast32_t;
S      using ::std::int_fast64_t;
S      using ::std::uint_fast8_t;
S      using ::std::uint_fast16_t;
S      using ::std::uint_fast32_t;
S      using ::std::uint_fast64_t;
S      using ::std::intptr_t;
S      using ::std::uintptr_t;
S      using ::std::intmax_t;
S      using ::std::uintmax_t;
S    #endif 
N  #endif /* __cplusplus */
N
N#endif /* __stdint_h */
N
N/* end of stdint.h */
N
N
L 3 "src\fonts\font_defs.h" 2
N
N#ifndef __font_defs_h
N#define __font_defs_h
N
N
N
N
N//----- Special fonts typedefs -----//
Ntypedef struct 
N{
N	uint8_t code;
N	uint8_t width;
N	const uint8_t *data;
N} tSpecialFontItem;
N
N
Ntypedef struct 
N{
N	uint8_t height;
N	uint8_t count;
N	const tSpecialFontItem *Chars;
N} tSpecialFont;
N
N//----------------------------------//
N
N
N//----- Regular fonts typedefs -----//
N
Ntypedef struct 
N{
N	uint8_t width;
N	uint8_t height;
N	uint8_t count;
N	uint8_t bytesPerChar;
N	const uint8_t *data;
N} tNormalFont;
N
N
N//----------------------------------//
N
N
N
N
N
N
N#endif	// __font_defs_h
N
N
L 2 "src\fonts\font_8x12.c" 2
N
Nconst uint8_t font_8x12_Data[] =
N{
N0x00,0x00,0x00,0x00,0x00,0x00,0x00,0x00,
N0x00,0x00,0x00,0x00,0x00,0x00,0x00,0x00,
N0x00,0x00,0x00,0x00,0x00,0x00,0x00,0x00,
N0x00,0x00,0x00,0x00,0x00,0x00,0x00,0x00,
N0x00,0x00,0x00,0x00,0x00,0x00,0x00,0x00,
N0x00,0x00,0x00,0x00,0x00,0x00,0x00,0x00,
N0x00,0x00,0x00,0x00,0x00,0x00,0x00,0x00,
N0x00,0x00,0x00,0x00,0x00,0x00,0x00,0x00,
N0x00,0x00,0x00,0x00,0x00,0x00,0x00,0x00,
N0x00,0x00,0x00,0x00,0x00,0x00,0x00,0x00,
N0x00,0x00,0x00,0x00,0x00,0x00,0x00,0x00,
N0x00,0x00,0x00,0x00,0x00,0x00,0x00,0x00,
N0x00,0x00,0x00,0x00,0x00,0x00,0x00,0x00,
N0x00,0x00,0x00,0x00,0x00,0x00,0x00,0x00,
N0x00,0x00,0x00,0x00,0x00,0x00,0x00,0x00,
N0x00,0x00,0x00,0x00,0x00,0x00,0x00,0x00,
N0x00,0x00,0x00,0x00,0x00,0x00,0x00,0x00,
N0x00,0x00,0x00,0x00,0x00,0x00,0x00,0x00,
N0x00,0x00,0x00,0x00,0x00,0x00,0x00,0x00,
N0x00,0x00,0x00,0x00,0x00,0x00,0x00,0x00,
N0x00,0x00,0x00,0x00,0x00,0x00,0x00,0x00,
N0x00,0x00,0x00,0x00,0x00,0x00,0x00,0x00,
N0x00,0x00,0x00,0x00,0x00,0x00,0x00,0x00,
N0x00,0x00,0x00,0x00,0x00,0x00,0x00,0x00,
N0x00,0x00,0x00,0x00,0x00,0x00,0x00,0x00,
N0x00,0x00,0x00,0x00,0x00,0x00,0x00,0x00,
N0x00,0x00,0x00,0x00,0x00,0x00,0x00,0x00,
N0x00,0x00,0x00,0x00,0x00,0x00,0x00,0x00,
N0x00,0x00,0x00,0x00,0x00,0x00,0x00,0x00,
N0x00,0x00,0x00,0x00,0x00,0x00,0x00,0x00,
N0x00,0x00,0x00,0x00,0x00,0x00,0x00,0x00,
N0x00,0x00,0x00,0x00,0x00,0x00,0x00,0x00,
N0x00,0x00,0x00,0x00,0x00,0x00,0x00,0x00,
N0x00,0x00,0x00,0x00,0x00,0x00,0x00,0x00,
N0x00,0x00,0x00,0x00,0x00,0x00,0x00,0x00,
N0x00,0x00,0x00,0x00,0x00,0x00,0x00,0x00,
N0x00,0x00,0x00,0x00,0x00,0x00,0x00,0x00,
N0x00,0x00,0x00,0x00,0x00,0x00,0x00,0x00,
N0x00,0x00,0x00,0x00,0x00,0x00,0x00,0x00,
N0x00,0x00,0x00,0x00,0x00,0x00,0x00,0x00,
N0x00,0x00,0x00,0x00,0x00,0x00,0x00,0x00,
N0x00,0x00,0x00,0x00,0x00,0x00,0x00,0x00,
N0x00,0x00,0x00,0x00,0x00,0x00,0x00,0x00,
N0x00,0x00,0x00,0x00,0x00,0x00,0x00,0x00,
N0x00,0x00,0x00,0x00,0x00,0x00,0x00,0x00,
N0x00,0x00,0x00,0x00,0x00,0x00,0x00,0x00,
N0x00,0x00,0x00,0x00,0x00,0x00,0x00,0x00,
N0x00,0x00,0x00,0x00,0x00,0x00,0x00,0x00,
N0x00,0x00,0x00,0x00,0x00,0x00,0x00,0x00,
N0x00,0x00,0x00,0x00,0x00,0x00,0x00,0x00,
N0x00,0x00,0x00,0x00,0x00,0x00,0x00,0x00,
N0x00,0x00,0x00,0x00,0x00,0x00,0x00,0x00,
N0x00,0x00,0x00,0x00,0x00,0x00,0x00,0x00,
N0x00,0x00,0x00,0x00,0x00,0x00,0x00,0x00,
N0x00,0x00,0x00,0x00,0x00,0x00,0x00,0x00,
N0x00,0x00,0x00,0x00,0x00,0x00,0x00,0x00,
N0x00,0x00,0x00,0x00,0x00,0x00,0x00,0x00,
N0x00,0x00,0x00,0x00,0x00,0x00,0x00,0x00,
N0x00,0x00,0x00,0x00,0x00,0x00,0x00,0x00,
N0x00,0x00,0x00,0x00,0x00,0x00,0x00,0x00,
N0x00,0x00,0x00,0x00,0x00,0x00,0x00,0x00,
N0x00,0x00,0x00,0x00,0x00,0x00,0x00,0x00,
N0x00,0x00,0x00,0x00,0x00,0x00,0x00,0x00,
N0x00,0x00,0x00,0x00,0x00,0x00,0x00,0x00,
N0x00,0x00,0x00,0x00,0x00,0x00,0x00,0x00,
N0x00,0x00,0x00,0x00,0x00,0x00,0x00,0x00,
N0x7F,0x7F,0x00,0x00,0x00,0x00,0x00,0x00,
N0x03,0x03,0x00,0x00,0x00,0x00,0x00,0x00,
N0x0B,0x07,0x00,0x0B,0x07,0x00,0x00,0x00,
N0x00,0x00,0x00,0x00,0x00,0x00,0x00,0x00,
N0xCC,0xFF,0xFF,0xCC,0xFF,0xFF,0xCC,0x00,
N0x00,0x03,0x03,0x00,0x03,0x03,0x00,0x00,
N0x9E,0xBF,0x33,0xFF,0x33,0xF7,0xE6,0x00,
N0x01,0x03,0x03,0x03,0x03,0x03,0x01,0x00,
N0x87,0xC5,0x67,0x30,0x98,0x8C,0x86,0x00,
N0x01,0x00,0x00,0x00,0x03,0x02,0x03,0x00,
N0xEE,0xFF,0x33,0x7F,0xEE,0xC0,0x40,0x00,
N0x01,0x03,0x03,0x03,0x03,0x01,0x03,0x00,
N0x0B,0x07,0x00,0x00,0x00,0x00,0x00,0x00,
N0x00,0x00,0x00,0x00,0x00,0x00,0x00,0x00,
N0xFE,0xFF,0x03,0x00,0x00,0x00,0x00,0x00,
N0x01,0x03,0x03,0x00,0x00,0x00,0x00,0x00,
N0x03,0xFF,0xFE,0x00,0x00,0x00,0x00,0x00,
N0x03,0x03,0x01,0x00,0x00,0x00,0x00,0x00,
N0x30,0xB6,0xFE,0xFC,0xFE,0xB6,0x30,0x00,
N0x00,0x01,0x01,0x00,0x01,0x01,0x00,0x00,
N0x30,0x30,0xFC,0xFC,0x30,0x30,0x00,0x00,
N0x00,0x00,0x00,0x00,0x00,0x00,0x00,0x00,
N0x00,0x00,0x00,0x00,0x00,0x00,0x00,0x00,
N0x0B,0x07,0x00,0x00,0x00,0x00,0x00,0x00,
N0x30,0x30,0x30,0x30,0x30,0x30,0x00,0x00,
N0x00,0x00,0x00,0x00,0x00,0x00,0x00,0x00,
N0x00,0x00,0x00,0x00,0x00,0x00,0x00,0x00,
N0x03,0x03,0x00,0x00,0x00,0x00,0x00,0x00,
N0x00,0xC0,0xF0,0x3C,0x0F,0x03,0x00,0x00,
N0x03,0x03,0x00,0x00,0x00,0x00,0x00,0x00,
N0xFE,0xFF,0x03,0x03,0x03,0xFF,0xFE,0x00,
N0x01,0x03,0x03,0x03,0x03,0x03,0x01,0x00,
N0x18,0x1C,0x0E,0xFF,0xFF,0x00,0x00,0x00,
N0x00,0x00,0x00,0x03,0x03,0x00,0x00,0x00,
N0x06,0x87,0xC3,0xE3,0x73,0x3F,0x1E,0x00,
N0x03,0x03,0x03,0x03,0x03,0x03,0x03,0x00,
N0x86,0x87,0x33,0x33,0x33,0xFF,0xEE,0x00,
N0x01,0x03,0x03,0x03,0x03,0x03,0x01,0x00,
N0xFF,0xFF,0xC0,0xC0,0xFF,0xFF,0xC0,0x00,
N0x00,0x00,0x00,0x00,0x03,0x03,0x00,0x00,
N0xBF,0xBF,0x33,0x33,0x33,0xF3,0xE3,0x00,
N0x01,0x03,0x03,0x03,0x03,0x03,0x01,0x00,
N0xFE,0xFF,0x33,0x33,0x33,0xF7,0xE6,0x00,
N0x01,0x03,0x03,0x03,0x03,0x03,0x01,0x00,
N0x03,0x03,0x83,0xE3,0xFB,0x3F,0x0F,0x00,
N0x00,0x00,0x03,0x03,0x00,0x00,0x00,0x00,
N0xEE,0xFF,0x33,0x33,0x33,0xFF,0xEE,0x00,
N0x01,0x03,0x03,0x03,0x03,0x03,0x01,0x00,
N0x9E,0xBF,0x33,0x33,0x33,0xFF,0xFE,0x00,
N0x01,0x03,0x03,0x03,0x03,0x03,0x01,0x00,
N0x0C,0x0C,0x00,0x00,0x00,0x00,0x00,0x00,
N0x03,0x03,0x00,0x00,0x00,0x00,0x00,0x00,
N0x0C,0x0C,0x00,0x00,0x00,0x00,0x00,0x00,
N0x0B,0x07,0x00,0x00,0x00,0x00,0x00,0x00,
N0x30,0x78,0xFC,0xCE,0x87,0x03,0x00,0x00,
N0x00,0x00,0x00,0x01,0x03,0x03,0x00,0x00,
N0xCC,0xCC,0xCC,0xCC,0xCC,0xCC,0xCC,0x00,
N0x00,0x00,0x00,0x00,0x00,0x00,0x00,0x00,
N0x03,0x87,0xCE,0xFC,0x78,0x30,0x00,0x00,
N0x03,0x03,0x01,0x00,0x00,0x00,0x00,0x00,
N0x06,0x07,0x63,0x73,0x3F,0x1E,0x00,0x00,
N0x00,0x00,0x03,0x03,0x00,0x00,0x00,0x00,
N0xFE,0xFF,0x03,0x73,0x4B,0x7F,0x7E,0x00,
N0x01,0x03,0x03,0x03,0x03,0x03,0x01,0x00,
N0xF8,0xFC,0xCE,0xC7,0xC3,0xFF,0xFF,0x00,
N0x03,0x03,0x00,0x00,0x00,0x03,0x03,0x00,
N0xFF,0xFF,0x33,0x33,0x33,0xFF,0xEE,0x00,
N0x03,0x03,0x03,0x03,0x03,0x03,0x01,0x00,
N0xFE,0xFF,0x03,0x03,0x03,0x87,0x86,0x00,
N0x01,0x03,0x03,0x03,0x03,0x03,0x01,0x00,
N0xFF,0xFF,0x03,0x03,0x87,0xFE,0xFC,0x00,
N0x03,0x03,0x03,0x03,0x03,0x01,0x00,0x00,
N0xFF,0xFF,0x33,0x33,0x33,0x03,0x03,0x00,
N0x03,0x03,0x03,0x03,0x03,0x03,0x03,0x00,
N0xFF,0xFF,0x33,0x33,0x33,0x03,0x03,0x00,
N0x03,0x03,0x00,0x00,0x00,0x00,0x00,0x00,
N0xFE,0xFF,0x03,0x33,0x33,0xF7,0xF6,0x00,
N0x01,0x03,0x03,0x03,0x03,0x03,0x01,0x00,
N0xFF,0xFF,0x30,0x30,0x30,0xFF,0xFF,0x00,
N0x03,0x03,0x00,0x00,0x00,0x03,0x03,0x00,
N0x03,0xFF,0xFF,0x03,0x00,0x00,0x00,0x00,
N0x03,0x03,0x03,0x03,0x00,0x00,0x00,0x00,
N0x80,0x80,0x00,0x00,0xFF,0xFF,0x00,0x00,
N0x01,0x03,0x03,0x03,0x03,0x01,0x00,0x00,
N0xFF,0xFF,0x78,0xFC,0xCE,0x87,0x03,0x00,
N0x03,0x03,0x00,0x00,0x01,0x03,0x03,0x00,
N0xFF,0xFF,0x00,0x00,0x00,0x00,0x00,0x00,
N0x03,0x03,0x03,0x03,0x03,0x03,0x03,0x00,
N0xFF,0xFF,0x0E,0x1C,0x1C,0x0E,0xFF,0xFF,
N0x03,0x03,0x00,0x00,0x00,0x00,0x03,0x03,
N0xFF,0xFF,0x1C,0x38,0x70,0xFF,0xFF,0x00,
N0x03,0x03,0x00,0x00,0x00,0x03,0x03,0x00,
N0xFE,0xFF,0x03,0x03,0x03,0xFF,0xFE,0x00,
N0x01,0x03,0x03,0x03,0x03,0x03,0x01,0x00,
N0xFF,0xFF,0x33,0x33,0x33,0x3F,0x1E,0x00,
N0x03,0x03,0x00,0x00,0x00,0x00,0x00,0x00,
N0xFE,0xFF,0x03,0xC3,0xC3,0xFF,0xFE,0x00,
N0x01,0x03,0x03,0x03,0x07,0x07,0x01,0x00,
N0xFF,0xFF,0x73,0xF3,0xF3,0xBF,0x1E,0x00,
N0x03,0x03,0x00,0x00,0x01,0x03,0x03,0x00,
N0x9E,0xBF,0x33,0x33,0x33,0xF7,0xE6,0x00,
N0x01,0x03,0x03,0x03,0x03,0x03,0x01,0x00,
N0x03,0x03,0xFF,0xFF,0x03,0x03,0x00,0x00,
N0x00,0x00,0x03,0x03,0x00,0x00,0x00,0x00,
N0xFF,0xFF,0x00,0x00,0x00,0xFF,0xFF,0x00,
N0x01,0x03,0x03,0x03,0x03,0x03,0x01,0x00,
N0x3F,0xFF,0xE0,0xC0,0xE0,0xFF,0x3F,0x00,
N0x00,0x00,0x03,0x03,0x03,0x00,0x00,0x00,
N0xFF,0xFF,0x80,0xF0,0xF0,0x80,0xFF,0xFF,
N0x01,0x03,0x03,0x01,0x01,0x03,0x03,0x01,
N0x87,0xCF,0xFC,0x78,0xFC,0xCF,0x87,0x00,
N0x03,0x03,0x00,0x00,0x00,0x03,0x03,0x00,
N0x0F,0x1F,0xF8,0xF8,0x1F,0x0F,0x00,0x00,
N0x00,0x00,0x03,0x03,0x00,0x00,0x00,0x00,
N0xC3,0xE3,0x73,0x3B,0x1F,0x0F,0x07,0x00,
N0x03,0x03,0x03,0x03,0x03,0x03,0x03,0x00,
N0xFF,0xFF,0x03,0x03,0x00,0x00,0x00,0x00,
N0x03,0x03,0x03,0x03,0x00,0x00,0x00,0x00,
N0x03,0x0F,0x3C,0xF0,0xC0,0x00,0x00,0x00,
N0x00,0x00,0x00,0x00,0x03,0x03,0x00,0x00,
N0x03,0x03,0xFF,0xFF,0x00,0x00,0x00,0x00,
N0x03,0x03,0x03,0x03,0x00,0x00,0x00,0x00,
N0x0C,0x0E,0x07,0x07,0x0E,0x0C,0x00,0x00,
N0x00,0x00,0x00,0x00,0x00,0x00,0x00,0x00,
N0x00,0x00,0x00,0x00,0x00,0x00,0x00,0x00,
N0x03,0x03,0x03,0x03,0x03,0x03,0x03,0x00,
N0x03,0x07,0x0E,0x0C,0x00,0x00,0x00,0x00,
N0x00,0x00,0x00,0x00,0x00,0x00,0x00,0x00,
N0xC0,0xEC,0x6C,0x6C,0xFC,0xF8,0x00,0x00,
N0x01,0x03,0x03,0x03,0x01,0x03,0x00,0x00,
N0xFF,0xFF,0x18,0x18,0xF8,0xF0,0x00,0x00,
N0x03,0x03,0x03,0x03,0x03,0x01,0x00,0x00,
N0xF8,0xFC,0x0C,0x0C,0x9C,0x98,0x00,0x00,
N0x01,0x03,0x03,0x03,0x03,0x01,0x00,0x00,
N0xF0,0xF8,0x18,0x18,0xFF,0xFF,0x00,0x00,
N0x01,0x03,0x03,0x03,0x03,0x03,0x00,0x00,
N0xF8,0xFC,0x6C,0x6C,0x7C,0x78,0x00,0x00,
N0x01,0x03,0x03,0x03,0x03,0x00,0x00,0x00,
N0x18,0xFE,0xFF,0x1B,0x1B,0x00,0x00,0x00,
N0x00,0x03,0x03,0x00,0x00,0x00,0x00,0x00,
N0x78,0xFC,0xCC,0xC8,0xFC,0xFC,0x00,0x00,
N0x00,0x06,0x06,0x06,0x07,0x03,0x00,0x00,
N0xFF,0xFF,0x18,0x18,0xF8,0xF0,0x00,0x00,
N0x03,0x03,0x00,0x00,0x03,0x03,0x00,0x00,
N0xFB,0xFB,0x00,0x00,0x00,0x00,0x00,0x00,
N0x03,0x03,0x00,0x00,0x00,0x00,0x00,0x00,
N0x00,0x00,0x00,0xFB,0xFB,0x00,0x00,0x00,
N0x03,0x07,0x06,0x07,0x03,0x00,0x00,0x00,
N0xFF,0xFF,0xF0,0xF8,0x9C,0x0C,0x00,0x00,
N0x03,0x03,0x00,0x01,0x03,0x03,0x00,0x00,
N0xFF,0xFF,0x00,0x00,0x00,0x00,0x00,0x00,
N0x03,0x03,0x00,0x00,0x00,0x00,0x00,0x00,
N0xFC,0xFC,0x1C,0x78,0x1C,0xFC,0xF8,0x00,
N0x03,0x03,0x00,0x00,0x00,0x03,0x03,0x00,
N0xFC,0xFC,0x18,0x0C,0xFC,0xF8,0x00,0x00,
N0x03,0x03,0x00,0x00,0x03,0x03,0x00,0x00,
N0xF8,0xFC,0x0C,0x0C,0xFC,0xF8,0x00,0x00,
N0x01,0x03,0x03,0x03,0x03,0x01,0x00,0x00,
N0xFC,0xFC,0xCC,0xCC,0xFC,0x78,0x00,0x00,
N0x07,0x07,0x00,0x00,0x00,0x00,0x00,0x00,
N0x3C,0x7E,0x66,0x66,0xFE,0xFE,0x00,0x00,
N0x00,0x00,0x00,0x00,0x03,0x03,0x00,0x00,
N0xFC,0xFC,0x18,0x0C,0x1C,0x18,0x00,0x00,
N0x03,0x03,0x00,0x00,0x00,0x00,0x00,0x00,
N0x78,0x7C,0x6C,0x6C,0xEC,0xEC,0x00,0x00,
N0x03,0x03,0x03,0x03,0x03,0x01,0x00,0x00,
N0x0C,0x0C,0xFC,0xFC,0x0C,0x0C,0x00,0x00,
N0x00,0x00,0x03,0x03,0x00,0x00,0x00,0x00,
N0xFC,0xFC,0x00,0x00,0xFC,0xFC,0x00,0x00,
N0x01,0x03,0x03,0x03,0x03,0x01,0x00,0x00,
N0xFC,0xFC,0x00,0x00,0xFC,0xFC,0x00,0x00,
N0x00,0x01,0x03,0x03,0x01,0x00,0x00,0x00,
N0xFC,0xFC,0x00,0xC0,0x00,0xFC,0xFC,0x00,
N0x01,0x03,0x03,0x01,0x03,0x03,0x01,0x00,
N0x9C,0xFC,0x60,0x60,0xFC,0x9C,0x00,0x00,
N0x03,0x03,0x00,0x00,0x03,0x03,0x00,0x00,
N0x3C,0x7C,0x60,0x60,0xFC,0xFC,0x00,0x00,
N0x03,0x07,0x06,0x06,0x07,0x03,0x00,0x00,
N0x8C,0xCC,0xEC,0x7C,0x3C,0x1C,0x00,0x00,
N0x03,0x03,0x03,0x03,0x03,0x03,0x00,0x00,
N0x00,0x30,0xFE,0xFF,0x03,0x00,0x00,0x00,
N0x00,0x00,0x01,0x03,0x03,0x00,0x00,0x00,
N0x00,0x00,0x00,0xFF,0xFF,0x00,0x00,0x00,
N0x00,0x00,0x00,0x03,0x03,0x00,0x00,0x00,
N0x03,0xFF,0xFE,0x30,0x00,0x00,0x00,0x00,
N0x03,0x03,0x01,0x00,0x00,0x00,0x00,0x00,
N0x06,0x03,0x07,0x07,0x06,0x03,0x00,0x00,
N0x00,0x00,0x00,0x00,0x00,0x00,0x00,0x00,
N0x00,0x00,0x00,0x00,0x00,0x00,0x00,0x00,
N0x00,0x00,0x00,0x00,0x00,0x00,0x00,0x00,
N0xFF,0x01,0x89,0xFD,0x81,0x01,0xFF,0x00,
N0x03,0x02,0x02,0x02,0x02,0x02,0x03,0x00,
N0xFF,0x01,0xC5,0xA5,0x9D,0x01,0xFF,0x00,
N0x03,0x02,0x02,0x02,0x02,0x02,0x03,0x00,
N0xC0,0xC0,0x00,0xF0,0xF0,0xC0,0xF0,0xF0,
N0x00,0x00,0x00,0x00,0x00,0x00,0x03,0x03,
N0x00,0x00,0x00,0x00,0x00,0x00,0x00,0x00,
N0x00,0x00,0x00,0x00,0x00,0x00,0x00,0x00,
N0x00,0x00,0x00,0x00,0x00,0x00,0x00,0x00,
N0x00,0x00,0x00,0x00,0x00,0x00,0x00,0x00,
N0x00,0x00,0x00,0x00,0x00,0x00,0x00,0x00,
N0x00,0x00,0x00,0x00,0x00,0x00,0x00,0x00,
N0x00,0x00,0x00,0x00,0x00,0x00,0x00,0x00,
N0x00,0x00,0x00,0x00,0x00,0x00,0x00,0x00,
N0x00,0x00,0x00,0x00,0x00,0x00,0x00,0x00,
N0x00,0x00,0x00,0x00,0x00,0x00,0x00,0x00,
N0x00,0x00,0x00,0x00,0x00,0x00,0x00,0x00,
N0x00,0x00,0x00,0x00,0x00,0x00,0x00,0x00,
N0x00,0x00,0x00,0x00,0x00,0x00,0x00,0x00,
N0x00,0x00,0x00,0x00,0x00,0x00,0x00,0x00,
N0x00,0x00,0x00,0x00,0x00,0x00,0x00,0x00,
N0x00,0x00,0x00,0x00,0x00,0x00,0x00,0x00,
N0x00,0x00,0x00,0x00,0x00,0x00,0x00,0x00,
N0x00,0x00,0x00,0x00,0x00,0x00,0x00,0x00,
N0x00,0x00,0x00,0x00,0x00,0x00,0x00,0x00,
N0x00,0x00,0x00,0x00,0x00,0x00,0x00,0x00,
N0x00,0x00,0x00,0x00,0x00,0x00,0x00,0x00,
N0x00,0x00,0x00,0x00,0x00,0x00,0x00,0x00,
N0x00,0x00,0x00,0x00,0x00,0x00,0x00,0x00,
N0x00,0x00,0x00,0x00,0x00,0x00,0x00,0x00,
N0x00,0x00,0x00,0x00,0x00,0x00,0x00,0x00,
N0x00,0x00,0x00,0x00,0x00,0x00,0x00,0x00,
N0x00,0x00,0x00,0x00,0x00,0x00,0x00,0x00,
N0x00,0x00,0x00,0x00,0x00,0x00,0x00,0x00,
N0x00,0x00,0x00,0x00,0x00,0x00,0x00,0x00,
N0x00,0x00,0x00,0x00,0x00,0x00,0x00,0x00,
N0x00,0x00,0x00,0x00,0x00,0x00,0x00,0x00,
N0x00,0x00,0x00,0x00,0x00,0x00,0x00,0x00,
N0x00,0x00,0x00,0x00,0x00,0x00,0x00,0x00,
N0x00,0x00,0x00,0x00,0x00,0x00,0x00,0x00,
N0x00,0x00,0x00,0x00,0x00,0x00,0x00,0x00,
N0x00,0x00,0x00,0x00,0x00,0x00,0x00,0x00,
N0x00,0x00,0x00,0x00,0x00,0x00,0x00,0x00,
N0x00,0x00,0x00,0x00,0x00,0x00,0x00,0x00,
N0x00,0x00,0x00,0x00,0x00,0x00,0x00,0x00,
N0x00,0x00,0x00,0x00,0x00,0x00,0x00,0x00,
N0x00,0x00,0x00,0x00,0x00,0x00,0x00,0x00,
N0x00,0x00,0x00,0x00,0x00,0x00,0x00,0x00,
N0x00,0x00,0x00,0x00,0x00,0x00,0x00,0x00,
N0x00,0x00,0x00,0x00,0x00,0x00,0x00,0x00,
N0x00,0x00,0x00,0x00,0x00,0x00,0x00,0x00,
N0x00,0x00,0x00,0x00,0x00,0x00,0x00,0x00,
N0x00,0x00,0x00,0x00,0x00,0x00,0x00,0x00,
N0x00,0x00,0x00,0x00,0x00,0x00,0x00,0x00,
N0x00,0x00,0x00,0x00,0x00,0x00,0x00,0x00,
N0x00,0x00,0x00,0x00,0x00,0x00,0x00,0x00,
N0x00,0x00,0x00,0x00,0x00,0x00,0x00,0x00,
N0x00,0x00,0x00,0x00,0x00,0x00,0x00,0x00,
N0x00,0x00,0x00,0x00,0x00,0x00,0x00,0x00,
N0x00,0x00,0x00,0x00,0x00,0x00,0x00,0x00,
N0x00,0x00,0x00,0x00,0x00,0x00,0x00,0x00,
N0x00,0x00,0x00,0x00,0x00,0x00,0x00,0x00,
N0x00,0x00,0x00,0x00,0x00,0x00,0x00,0x00,
N0x00,0x00,0x00,0x00,0x00,0x00,0x00,0x00,
N0x00,0x00,0x00,0x00,0x00,0x00,0x00,0x00,
N0x00,0x00,0x00,0x00,0x00,0x00,0x00,0x00,
N0x00,0x00,0x00,0x00,0x00,0x00,0x00,0x00,
N0x00,0x00,0x00,0x00,0x00,0x00,0x00,0x00,
N0x00,0x00,0x00,0x00,0x00,0x00,0x00,0x00,
N0x00,0x00,0x00,0x00,0x00,0x00,0x00,0x00,
N0x00,0x00,0x00,0x00,0x00,0x00,0x00,0x00,
N0x00,0x00,0x00,0x00,0x00,0x00,0x00,0x00,
N0x00,0x00,0x00,0x00,0x00,0x00,0x00,0x00,
N0x00,0x00,0x00,0x00,0x00,0x00,0x00,0x00,
N0x00,0x00,0x00,0x00,0x00,0x00,0x00,0x00,
N0x00,0x00,0x00,0x00,0x00,0x00,0x00,0x00,
N0x00,0x00,0x00,0x00,0x00,0x00,0x00,0x00,
N0x00,0x00,0x00,0x00,0x00,0x00,0x00,0x00,
N0x00,0x00,0x00,0x00,0x00,0x00,0x00,0x00,
N0x00,0x00,0x00,0x00,0x00,0x00,0x00,0x00,
N0xFF,0xFF,0x33,0x33,0x33,0x03,0x03,0x00,
N0x03,0x03,0x03,0x03,0x03,0x03,0x03,0x00,
N0xFE,0x07,0x73,0x8B,0x8B,0x53,0x07,0xFE,
N0x03,0x07,0x06,0x06,0x06,0x06,0x07,0x03,
N0x00,0x00,0x00,0x00,0x00,0x00,0x00,0x00,
N0x00,0x00,0x00,0x00,0x00,0x00,0x00,0x00,
N0x00,0x00,0x00,0x00,0x00,0x00,0x00,0x00,
N0x00,0x00,0x00,0x00,0x00,0x00,0x00,0x00,
N0x00,0x00,0x00,0x00,0x00,0x00,0x00,0x00,
N0x00,0x00,0x00,0x00,0x00,0x00,0x00,0x00,
N0x00,0x00,0x00,0x00,0x00,0x00,0x00,0x00,
N0x00,0x00,0x00,0x00,0x00,0x00,0x00,0x00,
N0x00,0x00,0x00,0x00,0x00,0x00,0x00,0x00,
N0x00,0x00,0x00,0x00,0x00,0x00,0x00,0x00,
N0x00,0x00,0x00,0x00,0x00,0x00,0x00,0x00,
N0x00,0x00,0x00,0x00,0x00,0x00,0x00,0x00,
N0x0E,0x1F,0x1B,0x1F,0x0E,0x00,0x00,0x00,
N0x00,0x00,0x00,0x00,0x00,0x00,0x00,0x00,
N0x00,0x00,0x00,0x00,0x00,0x00,0x00,0x00,
N0x00,0x00,0x00,0x00,0x00,0x00,0x00,0x00,
N0x00,0x00,0x00,0x00,0x00,0x00,0x00,0x00,
N0x00,0x00,0x00,0x00,0x00,0x00,0x00,0x00,
N0x00,0x00,0x00,0x00,0x00,0x00,0x00,0x00,
N0x00,0x00,0x00,0x00,0x00,0x00,0x00,0x00,
N0x00,0x00,0x00,0x00,0x00,0x00,0x00,0x00,
N0x00,0x00,0x00,0x00,0x00,0x00,0x00,0x00,
N0x00,0x00,0x00,0x00,0x00,0x00,0x00,0x00,
N0x00,0x00,0x00,0x00,0x00,0x00,0x00,0x00,
N0x00,0x00,0x00,0x00,0x00,0x00,0x00,0x00,
N0x00,0x00,0x00,0x00,0x00,0x00,0x00,0x00,
N0x00,0x00,0x00,0x00,0x00,0x00,0x00,0x00,
N0x00,0x00,0x00,0x00,0x00,0x00,0x00,0x00,
N0xF8,0xFD,0x6C,0x6C,0x7D,0x38,0x00,0x00,
N0x01,0x03,0x03,0x03,0x03,0x00,0x00,0x00,
N0x00,0x00,0x00,0x00,0x00,0x00,0x00,0x00,
N0x00,0x00,0x00,0x00,0x00,0x00,0x00,0x00,
N0x00,0x00,0x00,0x00,0x00,0x00,0x00,0x00,
N0x00,0x00,0x00,0x00,0x00,0x00,0x00,0x00,
N0x00,0x00,0x00,0x00,0x00,0x00,0x00,0x00,
N0x00,0x00,0x00,0x00,0x00,0x00,0x00,0x00,
N0x00,0x00,0x00,0x00,0x00,0x00,0x00,0x00,
N0x00,0x00,0x00,0x00,0x00,0x00,0x00,0x00,
N0x00,0x00,0x00,0x00,0x00,0x00,0x00,0x00,
N0x00,0x00,0x00,0x00,0x00,0x00,0x00,0x00,
N0x00,0x00,0x00,0x00,0x00,0x00,0x00,0x00,
N0x00,0x00,0x00,0x00,0x00,0x00,0x00,0x00,
N0x00,0x00,0x00,0x00,0x00,0x00,0x00,0x00,
N0x00,0x00,0x00,0x00,0x00,0x00,0x00,0x00,
N0xF8,0xFC,0xCE,0xC7,0xC3,0xFF,0xFF,0x00,
N0x03,0x03,0x00,0x00,0x00,0x03,0x03,0x00,
N0xFF,0xFF,0x33,0x33,0x33,0xF3,0xE3,0x00,
N0x03,0x03,0x03,0x03,0x03,0x03,0x01,0x00,
N0xFF,0xFF,0x33,0x33,0x33,0xFF,0xEE,0x00,
N0x03,0x03,0x03,0x03,0x03,0x03,0x01,0x00,
N0xFF,0xFF,0x03,0x03,0x03,0x03,0x03,0x00,
N0x03,0x03,0x00,0x00,0x00,0x00,0x00,0x00,
N0x00,0xFE,0xFF,0x03,0x03,0xFF,0xFF,0x00,
N0x07,0x07,0x03,0x03,0x03,0x03,0x07,0x07,
N0xFF,0xFF,0x33,0x33,0x33,0x33,0x03,0x00,
N0x03,0x03,0x03,0x03,0x03,0x03,0x03,0x00,
N0x03,0xCF,0xFC,0xFF,0xFF,0xFC,0xCF,0x03,
N0x03,0x03,0x00,0x03,0x03,0x00,0x03,0x03,
N0x86,0x87,0x33,0x33,0x33,0xFF,0xCE,0x00,
N0x01,0x03,0x03,0x03,0x03,0x03,0x01,0x00,
N0xFF,0xFF,0x70,0x38,0x1C,0xFF,0xFF,0x00,
N0x03,0x03,0x00,0x00,0x00,0x03,0x03,0x00,
N0xFF,0xFF,0x70,0x3B,0x1C,0xFF,0xFF,0x00,
N0x03,0x03,0x00,0x00,0x00,0x03,0x03,0x00,
N0xFF,0xFF,0x78,0xFC,0xCE,0x87,0x03,0x00,
N0x03,0x03,0x00,0x00,0x01,0x03,0x03,0x00,
N0x00,0xFE,0xFF,0x03,0x03,0xFF,0xFF,0x00,
N0x03,0x03,0x01,0x00,0x00,0x03,0x03,0x00,
N0xFF,0xFF,0x0E,0x3C,0x3C,0x0E,0xFF,0xFF,
N0x03,0x03,0x00,0x00,0x00,0x00,0x03,0x03,
N0xFF,0xFF,0x30,0x30,0x30,0xFF,0xFF,0x00,
N0x03,0x03,0x00,0x00,0x00,0x03,0x03,0x00,
N0xFE,0xFF,0x03,0x03,0x03,0xFF,0xFE,0x00,
N0x01,0x03,0x03,0x03,0x03,0x03,0x01,0x00,
N0xFF,0xFF,0x03,0x03,0x03,0xFF,0xFF,0x00,
N0x03,0x03,0x00,0x00,0x00,0x03,0x03,0x00,
N0xFF,0xFF,0x63,0x63,0x63,0x7F,0x3E,0x00,
N0x03,0x03,0x00,0x00,0x00,0x00,0x00,0x00,
N0xFE,0xFF,0x03,0x03,0x03,0x87,0x86,0x00,
N0x01,0x03,0x03,0x03,0x03,0x03,0x01,0x00,
N0x03,0x03,0xFF,0xFF,0x03,0x03,0x00,0x00,
N0x00,0x00,0x03,0x03,0x00,0x00,0x00,0x00,
N0x9F,0xBF,0x30,0x30,0xB0,0xFF,0xFF,0x00,
N0x01,0x03,0x03,0x03,0x03,0x01,0x00,0x00,
N0x3E,0x7F,0x63,0xFF,0xFF,0x63,0x7F,0x3E,
N0x00,0x00,0x00,0x03,0x03,0x00,0x00,0x00,
N0x87,0xCF,0xFC,0x30,0xFC,0xCF,0x87,0x00,
N0x03,0x03,0x00,0x00,0x00,0x03,0x03,0x00,
N0xFF,0xFF,0x00,0x00,0x00,0xFF,0xFF,0x00,
N0x03,0x03,0x03,0x03,0x03,0x03,0x07,0x06,
N0x1F,0x3F,0x30,0x30,0x30,0xFF,0xFF,0x00,
N0x00,0x00,0x00,0x00,0x00,0x03,0x03,0x00,
N0xFF,0xFF,0x00,0xFF,0xFF,0x00,0xFF,0xFF,
N0x03,0x03,0x03,0x03,0x03,0x03,0x03,0x03,
N0xFF,0xFF,0x00,0xFF,0xFF,0x00,0xFF,0xFF,
N0x03,0x03,0x03,0x03,0x03,0x03,0x07,0x07,
N0x03,0xFF,0xFF,0x18,0x18,0xF8,0xF0,0x00,
N0x00,0x03,0x03,0x03,0x03,0x03,0x01,0x00,
N0xFF,0xFF,0x18,0xF8,0xF0,0x00,0xFF,0xFF,
N0x03,0x03,0x03,0x03,0x01,0x00,0x03,0x03,
N0xFF,0xFF,0x18,0x18,0xF8,0xF0,0x00,0x00,
N0x03,0x03,0x03,0x03,0x03,0x01,0x00,0x00,
N0x86,0x87,0x33,0x33,0x33,0xFF,0xFE,0x00,
N0x01,0x03,0x03,0x03,0x03,0x03,0x01,0x00,
N0xFF,0xFF,0x30,0xFE,0xFF,0x03,0xFF,0xFE,
N0x03,0x03,0x00,0x01,0x03,0x03,0x03,0x01,
N0x1E,0xBF,0xF3,0xF3,0x73,0xFF,0xFF,0x00,
N0x03,0x03,0x01,0x00,0x00,0x03,0x03,0x00,
N0xC0,0xE8,0x6C,0x6C,0xFC,0xF8,0x00,0x00,
N0x01,0x03,0x03,0x03,0x01,0x03,0x00,0x00,
N0xF8,0xFC,0x6C,0x6C,0xEE,0xC6,0x00,0x00,
N0x01,0x03,0x03,0x03,0x03,0x01,0x00,0x00,
N0xFC,0xFC,0x6C,0x6C,0xFC,0xD8,0x00,0x00,
N0x03,0x03,0x03,0x03,0x03,0x01,0x00,0x00,
N0xFC,0xFC,0x0C,0x0C,0x0C,0x0C,0x00,0x00,
N0x03,0x03,0x00,0x00,0x00,0x00,0x00,0x00,
N0x00,0xFC,0xFC,0x0C,0xFC,0xFC,0x00,0x00,
N0x07,0x07,0x03,0x03,0x03,0x07,0x07,0x00,
N0xF8,0xFC,0x6C,0x6C,0x7C,0x38,0x00,0x00,
N0x01,0x03,0x03,0x03,0x03,0x00,0x00,0x00,
N0x9C,0xFC,0x60,0xFC,0xFC,0x60,0xFC,0x9C,
N0x03,0x03,0x00,0x03,0x03,0x00,0x03,0x03,
N0x08,0x0C,0x6C,0x6C,0xFC,0x98,0x00,0x00,
N0x01,0x03,0x03,0x03,0x03,0x01,0x00,0x00,
N0xFC,0xFC,0xE0,0x70,0xFC,0xFC,0x00,0x00,
N0x03,0x03,0x00,0x00,0x03,0x03,0x00,0x00,
N0xFC,0xFC,0xE3,0x71,0xFC,0xFC,0x00,0x00,
N0x03,0x03,0x00,0x00,0x03,0x03,0x00,0x00,
N0xFC,0xFC,0xF0,0xF8,0x9C,0x0C,0x00,0x00,
N0x03,0x03,0x00,0x01,0x03,0x03,0x00,0x00,
N0x80,0xE0,0x78,0x1C,0xFC,0xFC,0x00,0x00,
N0x03,0x03,0x00,0x00,0x03,0x03,0x00,0x00,
N0xFC,0xFC,0x38,0x70,0x38,0xFC,0xFC,0x00,
N0x03,0x03,0x00,0x00,0x00,0x03,0x03,0x00,
N0xFC,0xFC,0x60,0x60,0xFC,0xFC,0x00,0x00,
N0x03,0x03,0x00,0x00,0x03,0x03,0x00,0x00,
N0xF8,0xFC,0x0C,0x0C,0xFC,0xF8,0x00,0x00,
N0x01,0x03,0x03,0x03,0x03,0x01,0x00,0x00,
N0xFC,0xFC,0x0C,0x0C,0xFC,0xFC,0x00,0x00,
N0x03,0x03,0x00,0x00,0x03,0x03,0x00,0x00,
N0xFC,0xFC,0xCC,0xCC,0xFC,0x78,0x00,0x00,
N0x03,0x03,0x00,0x00,0x00,0x00,0x00,0x00,
N0xF8,0xFC,0x0C,0x0C,0x9C,0x98,0x00,0x00,
N0x01,0x03,0x03,0x03,0x03,0x01,0x00,0x00,
N0x0C,0x0C,0xFC,0xFC,0x0C,0x0C,0x00,0x00,
N0x00,0x00,0x03,0x03,0x00,0x00,0x00,0x00,
N0x3C,0x7C,0x60,0x60,0xFC,0xFC,0x00,0x00,
N0x03,0x07,0x06,0x06,0x07,0x03,0x00,0x00,
N0xF0,0xF8,0x98,0xFC,0xFC,0x98,0xF8,0xF0,
N0x00,0x01,0x01,0x07,0x07,0x01,0x01,0x00,
N0x9C,0xFC,0x60,0x60,0xFC,0x9C,0x00,0x00,
N0x03,0x03,0x00,0x00,0x03,0x03,0x00,0x00,
N0xFC,0xFC,0x00,0x00,0xFC,0xFC,0x00,0x00,
N0x03,0x03,0x03,0x03,0x03,0x07,0x06,0x00,
N0x3C,0x7C,0x60,0x60,0xFC,0xFC,0x00,0x00,
N0x00,0x00,0x00,0x00,0x03,0x03,0x00,0x00,
N0xFC,0xFC,0x00,0xF0,0xF0,0x00,0xFC,0xFC,
N0x03,0x03,0x03,0x03,0x03,0x03,0x03,0x03,
N0xFC,0xFC,0x00,0xFC,0xFC,0x00,0xFC,0xFC,
N0x03,0x03,0x03,0x03,0x03,0x03,0x07,0x07,
N0x0C,0xFC,0xFC,0x30,0x30,0xF0,0xE0,0x00,
N0x00,0x03,0x03,0x03,0x03,0x03,0x01,0x00,
N0xFC,0xFC,0x30,0xF0,0xE0,0x00,0xFC,0xFC,
N0x03,0x03,0x03,0x03,0x01,0x00,0x03,0x03,
N0xFC,0xFC,0x30,0x30,0xF0,0xE0,0x00,0x00,
N0x03,0x03,0x03,0x03,0x03,0x01,0x00,0x00,
N0x08,0x0C,0x6C,0x6C,0xFC,0xF8,0x00,0x00,
N0x01,0x03,0x03,0x03,0x03,0x01,0x00,0x00,
N0xFC,0xFC,0x60,0xF8,0xFC,0x0C,0xFC,0xF8,
N0x03,0x03,0x00,0x01,0x03,0x03,0x03,0x01,
N0x38,0xFC,0xEC,0xEC,0xFC,0xFC,0x00,0x00,
N0x03,0x03,0x01,0x00,0x03,0x03,0x00,0x00,
N
N
N
N};
N
N
N
N
N
Nconst tNormalFont font_8x12 =
N{
N	8,                        // Ширина символа в пикселах.
N  12,                       // Высота символа в пикселах.
N  255,                      // Число символов в шрифте.
N	16,												// Bytes per symbol
N  font_8x12_Data   		// Адрес таблицы описания символов шрифта.
N};
N
N// Изображение символа хранится в формате:
N// Каждый байт описывает все столбцы изображения верхних 8 строк символа.
N// Столбцы описываются слева-направо.
N// Младший бит байта описывается верхнюю строку стобца,
N// старший бит - нижнюю строку.
N// Затем все повторяется для всех столбцов нижних 8 строк символа.
N
