


ARM Macro Assembler    Page 1 


    1 00000000         ;/*******************************************************
                       **********************
    2 00000000         ; * @file:    startup_MDR32F9x.s
    3 00000000         ; * @purpose: CMSIS Cortex-M3 Core Device Startup File fo
                       r the
    4 00000000         ; *           Milandr MDR32F9x device series
    5 00000000         ; * @version: V1.0.1
    6 00000000         ; * @date:    10/28/2011
    7 00000000         ; *******************************************************
                       **********************
    8 00000000         ; * @copy
    9 00000000         ; *
   10 00000000         ; * THE PRESENT FIRMWARE WHICH IS FOR GUIDANCE ONLY AIMS 
                       AT PROVIDING CUSTOMERS
   11 00000000         ; * WITH CODING INFORMATION REGARDING THEIR PRODUCTS IN O
                       RDER FOR THEM TO SAVE
   12 00000000         ; * TIME. AS A RESULT, PHYTON SHALL NOT BE HELD LIABLE FO
                       R ANY DIRECT, INDIRECT
   13 00000000         ; * OR CONSEQUENTIAL DAMAGES WITH RESPECT TO ANY CLAIMS A
                       RISING
   14 00000000         ; * FROM THE CONTENT OF SUCH FIRMWARE AND/OR THE USE MADE
                        BY CUSTOMERS OF THE
   15 00000000         ; * CODING INFORMATION CONTAINED HEREIN IN CONNECTION WIT
                       H THEIR PRODUCTS.
   16 00000000         ; *
   17 00000000         ; * <h2><center>&copy; COPYRIGHT 2011 Phyton</center></h2
                       >
   18 00000000         ; *******************************************************
                       ***********************
   19 00000000         ; * FILE startup_MDR32F9x.s
   20 00000000         ; */
   21 00000000         
   22 00000000         ; *------- <<< Use Configuration Wizard in Context Menu >
                       >> ------------------
   23 00000000         
   24 00000000         ; Amount of memory (in bytes) allocated for Stack
   25 00000000         ; Tailor this value to your application needs
   26 00000000         ; <h> Stack Configuration
   27 00000000         ;   <o> Stack Size (in Bytes) <0x0-0xFFFFFFFF:8>
   28 00000000         ; </h>
   29 00000000         
   30 00000000 00000400 
                       Stack_Size
                               EQU              0x00000400
   31 00000000         
   32 00000000                 AREA             STACK, NOINIT, READWRITE, ALIGN=
3
   33 00000000         Stack_Mem
                               SPACE            Stack_Size
   34 00000400         __initial_sp
   35 00000400         
   36 00000400         
   37 00000400         ; <h> Heap Configuration
   38 00000400         ;   <o>  Heap Size (in Bytes) <0x0-0xFFFFFFFF:8>
   39 00000400         ; </h>
   40 00000400         
   41 00000400 00000200 
                       Heap_Size
                               EQU              0x00000200



ARM Macro Assembler    Page 2 


   42 00000400         
   43 00000400                 AREA             HEAP, NOINIT, READWRITE, ALIGN=3
   44 00000000         __heap_base
   45 00000000         Heap_Mem
                               SPACE            Heap_Size
   46 00000200         __heap_limit
   47 00000200         
   48 00000200                 PRESERVE8
   49 00000200                 THUMB
   50 00000200         
   51 00000200         
   52 00000200         ; Vector Table Mapped to Address 0 at Reset
   53 00000200                 AREA             RESET, DATA, READONLY
   54 00000000                 EXPORT           __Vectors
   55 00000000                 EXPORT           __Vectors_End
   56 00000000                 EXPORT           __Vectors_Size
   57 00000000         
   58 00000000 00000000 
                       __Vectors
                               DCD              __initial_sp ; Top of Stack
   59 00000004 00000000        DCD              Reset_Handler ; Reset Handler
   60 00000008 00000000        DCD              NMI_Handler ; NMI Handler
   61 0000000C 00000000        DCD              HardFault_Handler 
                                                            ; Hard Fault Handler
                                                            
   62 00000010 00000000        DCD              MemManage_Handler 
                                                            ; MPU Fault Handler
   63 00000014 00000000        DCD              BusFault_Handler 
                                                            ; Bus Fault Handler
   64 00000018 00000000        DCD              UsageFault_Handler ; Usage Fault
                                                             Handler
   65 0000001C 00000000        DCD              0           ; Reserved
   66 00000020 00000000        DCD              0           ; Reserved
   67 00000024 00000000        DCD              0           ; Reserved
   68 00000028 00000000        DCD              0           ; Reserved
   69 0000002C 00000000        DCD              SVC_Handler ; SVCall Handler
   70 00000030 00000000        DCD              DebugMon_Handler ; Debug Monitor
                                                             Handler
   71 00000034 00000000        DCD              0           ; Reserved
   72 00000038 00000000        DCD              PendSV_Handler ; PendSV Handler
   73 0000003C 00000000        DCD              SysTick_Handler 
                                                            ; SysTick Handler
   74 00000040         
   75 00000040         ; External Interrupts
   76 00000040 00000000        DCD              CAN1_IRQHandler ; IRQ0
   77 00000044 00000000        DCD              CAN2_IRQHandler ; IRQ1
   78 00000048 00000000        DCD              USB_IRQHandler ; IRQ2
   79 0000004C 00000000        DCD              0           ; IRQ3  reserved
   80 00000050 00000000        DCD              0           ; IRQ4  reserved
   81 00000054 00000000        DCD              DMA_IRQHandler ; IRQ5
   82 00000058 00000000        DCD              UART1_IRQHandler ; IRQ6
   83 0000005C 00000000        DCD              UART2_IRQHandler ; IRQ7
   84 00000060 00000000        DCD              SSP1_IRQHandler ; IRQ8
   85 00000064 00000000        DCD              0           ; IRQ9  reserved
   86 00000068 00000000        DCD              I2C_IRQHandler ; IRQ10
   87 0000006C 00000000        DCD              POWER_IRQHandler ; IRQ11
   88 00000070 00000000        DCD              WWDG_IRQHandler ; IRQ12
   89 00000074 00000000        DCD              0           ; IRQ13 reserved
   90 00000078 00000000        DCD              Timer1_IRQHandler ; IRQ14



ARM Macro Assembler    Page 3 


   91 0000007C 00000000        DCD              Timer2_IRQHandler ; IRQ15
   92 00000080 00000000        DCD              Timer3_IRQHandler ; IRQ16
   93 00000084 00000000        DCD              ADC_IRQHandler ; IRQ17
   94 00000088 00000000        DCD              0           ; IRQ18 reserved
   95 0000008C 00000000        DCD              COMPARATOR_IRQHandler ; IRQ19
   96 00000090 00000000        DCD              SSP2_IRQHandler ; IRQ20
   97 00000094 00000000        DCD              0           ; IRQ21 reserved
   98 00000098 00000000        DCD              0           ; IRQ22 reserved
   99 0000009C 00000000        DCD              0           ; IRQ23 reserved
  100 000000A0 00000000        DCD              0           ; IRQ24 reserved
  101 000000A4 00000000        DCD              0           ; IRQ25 reserved
  102 000000A8 00000000        DCD              0           ; IRQ26 reserved
  103 000000AC 00000000        DCD              BACKUP_IRQHandler ; IRQ27
  104 000000B0 00000000        DCD              EXT_INT1_IRQHandler ; IRQ28
  105 000000B4 00000000        DCD              EXT_INT2_IRQHandler ; IRQ29
  106 000000B8 00000000        DCD              EXT_INT3_IRQHandler ; IRQ30
  107 000000BC 00000000        DCD              EXT_INT4_IRQHandler ; IRQ31
  108 000000C0         __Vectors_End
  109 000000C0         
  110 000000C0 000000C0 
                       __Vectors_Size
                               EQU              __Vectors_End - __Vectors
  111 000000C0         
  112 000000C0                 AREA             |.text|, CODE, READONLY
  113 00000000         
  114 00000000         ; Reset handler
  115 00000000         Reset_Handler
                               PROC
  116 00000000                 EXPORT           Reset_Handler             [WEAK]
  117 00000000                 IMPORT           SystemInit
  118 00000000                 IMPORT           __main
  119 00000000 480D            LDR              R0, =SystemInit
  120 00000002 4780            BLX              R0
  121 00000004 480D            LDR              R0, =__main
  122 00000006 4700            BX               R0
  123 00000008                 ENDP
  124 00000008         
  125 00000008         ; Dummy Exception Handlers (infinite loops which can be m
                       odified)
  126 00000008         
  127 00000008         NMI_Handler
                               PROC
  128 00000008                 EXPORT           NMI_Handler                [WEAK
]
  129 00000008 E7FE            B                .
  130 0000000A                 ENDP
  132 0000000A         HardFault_Handler
                               PROC
  133 0000000A                 EXPORT           HardFault_Handler          [WEAK
]
  134 0000000A                 IMPORT           hard_fault_handler_c
  135 0000000A F01E 0F04       TST              LR, #4
  136 0000000E BF0C            ITE              EQ
  137 00000010 F3EF 8008       MRSEQ            R0, MSP
  138 00000014 F3EF 8009       MRSNE            R0, PSP
  139 00000018 F7FF BFFE       B                hard_fault_handler_c
  140 0000001C         ;                B       .
  141 0000001C                 ENDP
  143 0000001C         MemManage_Handler



ARM Macro Assembler    Page 4 


                               PROC
  144 0000001C                 EXPORT           MemManage_Handler          [WEAK
]
  145 0000001C E7FE            B                .
  146 0000001E                 ENDP
  148 0000001E         BusFault_Handler
                               PROC
  149 0000001E                 EXPORT           BusFault_Handler           [WEAK
]
  150 0000001E E7FE            B                .
  151 00000020                 ENDP
  153 00000020         UsageFault_Handler
                               PROC
  154 00000020                 EXPORT           UsageFault_Handler         [WEAK
]
  155 00000020 E7FE            B                .
  156 00000022                 ENDP
  157 00000022         SVC_Handler
                               PROC
  158 00000022                 EXPORT           SVC_Handler                [WEAK
]
  159 00000022 E7FE            B                .
  160 00000024                 ENDP
  162 00000024         DebugMon_Handler
                               PROC
  163 00000024                 EXPORT           DebugMon_Handler           [WEAK
]
  164 00000024 E7FE            B                .
  165 00000026                 ENDP
  166 00000026         PendSV_Handler
                               PROC
  167 00000026                 EXPORT           PendSV_Handler             [WEAK
]
  168 00000026 E7FE            B                .
  169 00000028                 ENDP
  170 00000028         SysTick_Handler
                               PROC
  171 00000028                 EXPORT           SysTick_Handler            [WEAK
]
  172 00000028 E7FE            B                .
  173 0000002A                 ENDP
  174 0000002A         
  175 0000002A         Default_Handler
                               PROC
  176 0000002A         
  177 0000002A         
  178 0000002A                 EXPORT           CAN1_IRQHandler            [WEAK
]
  179 0000002A                 EXPORT           CAN2_IRQHandler            [WEAK
]
  180 0000002A                 EXPORT           USB_IRQHandler             [WEAK
]
  181 0000002A                 EXPORT           DMA_IRQHandler             [WEAK
]
  182 0000002A                 EXPORT           UART1_IRQHandler           [WEAK
]
  183 0000002A                 EXPORT           UART2_IRQHandler           [WEAK
]
  184 0000002A                 EXPORT           SSP1_IRQHandler            [WEAK



ARM Macro Assembler    Page 5 


]
  185 0000002A                 EXPORT           I2C_IRQHandler             [WEAK
]
  186 0000002A                 EXPORT           POWER_IRQHandler           [WEAK
]
  187 0000002A                 EXPORT           WWDG_IRQHandler            [WEAK
]
  188 0000002A                 EXPORT           Timer1_IRQHandler          [WEAK
]
  189 0000002A                 EXPORT           Timer2_IRQHandler          [WEAK
]
  190 0000002A                 EXPORT           Timer3_IRQHandler          [WEAK
]
  191 0000002A                 EXPORT           ADC_IRQHandler             [WEAK
]
  192 0000002A                 EXPORT           COMPARATOR_IRQHandler      [WEAK
]
  193 0000002A                 EXPORT           SSP2_IRQHandler            [WEAK
]
  194 0000002A                 EXPORT           BACKUP_IRQHandler          [WEAK
]
  195 0000002A                 EXPORT           EXT_INT1_IRQHandler        [WEAK
]
  196 0000002A                 EXPORT           EXT_INT2_IRQHandler        [WEAK
]
  197 0000002A                 EXPORT           EXT_INT3_IRQHandler        [WEAK
]
  198 0000002A                 EXPORT           EXT_INT4_IRQHandler        [WEAK
]
  199 0000002A         
  200 0000002A         CAN1_IRQHandler
  201 0000002A         CAN2_IRQHandler
  202 0000002A         USB_IRQHandler
  203 0000002A         DMA_IRQHandler
  204 0000002A         UART1_IRQHandler
  205 0000002A         UART2_IRQHandler
  206 0000002A         SSP1_IRQHandler
  207 0000002A         I2C_IRQHandler
  208 0000002A         POWER_IRQHandler
  209 0000002A         WWDG_IRQHandler
  210 0000002A         Timer1_IRQHandler
  211 0000002A         Timer2_IRQHandler
  212 0000002A         Timer3_IRQHandler
  213 0000002A         ADC_IRQHandler
  214 0000002A         COMPARATOR_IRQHandler
  215 0000002A         SSP2_IRQHandler
  216 0000002A         BACKUP_IRQHandler
  217 0000002A         EXT_INT1_IRQHandler
  218 0000002A         EXT_INT2_IRQHandler
  219 0000002A         EXT_INT3_IRQHandler
  220 0000002A         EXT_INT4_IRQHandler
  221 0000002A         
  222 0000002A E7FE            B                .
  223 0000002C         
  224 0000002C                 ENDP
  225 0000002C         
  226 0000002C         
  227 0000002C                 ALIGN
  228 0000002C         



ARM Macro Assembler    Page 6 


  229 0000002C         ;********************************************************
                       ***********************
  230 0000002C         ; User Stack and Heap initialization
  231 0000002C         ;********************************************************
                       ***********************
  232 0000002C                 IF               :DEF:__MICROLIB
  239 0000002C         
  240 0000002C                 IMPORT           __use_two_region_memory
  241 0000002C                 EXPORT           __user_initial_stackheap
  242 0000002C         
  243 0000002C         __user_initial_stackheap
  244 0000002C         
  245 0000002C 4804            LDR              R0, =  Heap_Mem
  246 0000002E 4905            LDR              R1, =(Stack_Mem + Stack_Size)
  247 00000030 4A05            LDR              R2, = (Heap_Mem +  Heap_Size)
  248 00000032 4B06            LDR              R3, = Stack_Mem
  249 00000034 4770            BX               LR
  250 00000036         
  251 00000036 00 00           ALIGN
  252 00000038         
  253 00000038                 ENDIF
  254 00000038         
  255 00000038                 END
              00000000 
              00000000 
              00000000 
              00000400 
              00000200 
              00000000 
Command Line: --xref --width=80 --cpu=Cortex-M3 --apcs=interwork --depend=.\FLAS
H\startup_MDR32F9x.d -o.\FLASH\startup_MDR32F9x.o -IC:\Keil\ARM\RV31\Inc -IC:\Ke
il\ARM\CMSIS\Include -IC:\Keil\ARM\Inc\Milandr\MDR32F9x --list=.\listing\startup
_MDR32F9x.lst startup_MDR32F9x.s



ARM Macro Assembler    Page 1 Alphabetic symbol ordering
Relocatable symbols

STACK 00000000

Symbol: STACK
   Definitions
      At line 32 in file startup_MDR32F9x.s
   Uses
      None
Comment: STACK unused
Stack_Mem 00000000

Symbol: Stack_Mem
   Definitions
      At line 33 in file startup_MDR32F9x.s
   Uses
      At line 246 in file startup_MDR32F9x.s
      At line 248 in file startup_MDR32F9x.s

__initial_sp 00000400

Symbol: __initial_sp
   Definitions
      At line 34 in file startup_MDR32F9x.s
   Uses
      At line 58 in file startup_MDR32F9x.s
Comment: __initial_sp used once
3 symbols



ARM Macro Assembler    Page 1 Alphabetic symbol ordering
Relocatable symbols

HEAP 00000000

Symbol: HEAP
   Definitions
      At line 43 in file startup_MDR32F9x.s
   Uses
      None
Comment: HEAP unused
Heap_Mem 00000000

Symbol: Heap_Mem
   Definitions
      At line 45 in file startup_MDR32F9x.s
   Uses
      At line 245 in file startup_MDR32F9x.s
      At line 247 in file startup_MDR32F9x.s

__heap_base 00000000

Symbol: __heap_base
   Definitions
      At line 44 in file startup_MDR32F9x.s
   Uses
      None
Comment: __heap_base unused
__heap_limit 00000200

Symbol: __heap_limit
   Definitions
      At line 46 in file startup_MDR32F9x.s
   Uses
      None
Comment: __heap_limit unused
4 symbols



ARM Macro Assembler    Page 1 Alphabetic symbol ordering
Relocatable symbols

RESET 00000000

Symbol: RESET
   Definitions
      At line 53 in file startup_MDR32F9x.s
   Uses
      None
Comment: RESET unused
__Vectors 00000000

Symbol: __Vectors
   Definitions
      At line 58 in file startup_MDR32F9x.s
   Uses
      At line 54 in file startup_MDR32F9x.s
      At line 110 in file startup_MDR32F9x.s

__Vectors_End 000000C0

Symbol: __Vectors_End
   Definitions
      At line 108 in file startup_MDR32F9x.s
   Uses
      At line 55 in file startup_MDR32F9x.s
      At line 110 in file startup_MDR32F9x.s

3 symbols



ARM Macro Assembler    Page 1 Alphabetic symbol ordering
Relocatable symbols

.text 00000000

Symbol: .text
   Definitions
      At line 112 in file startup_MDR32F9x.s
   Uses
      None
Comment: .text unused
ADC_IRQHandler 0000002A

Symbol: ADC_IRQHandler
   Definitions
      At line 213 in file startup_MDR32F9x.s
   Uses
      At line 93 in file startup_MDR32F9x.s
      At line 191 in file startup_MDR32F9x.s

BACKUP_IRQHandler 0000002A

Symbol: BACKUP_IRQHandler
   Definitions
      At line 216 in file startup_MDR32F9x.s
   Uses
      At line 103 in file startup_MDR32F9x.s
      At line 194 in file startup_MDR32F9x.s

BusFault_Handler 0000001E

Symbol: BusFault_Handler
   Definitions
      At line 148 in file startup_MDR32F9x.s
   Uses
      At line 63 in file startup_MDR32F9x.s
      At line 149 in file startup_MDR32F9x.s

CAN1_IRQHandler 0000002A

Symbol: CAN1_IRQHandler
   Definitions
      At line 200 in file startup_MDR32F9x.s
   Uses
      At line 76 in file startup_MDR32F9x.s
      At line 178 in file startup_MDR32F9x.s

CAN2_IRQHandler 0000002A

Symbol: CAN2_IRQHandler
   Definitions
      At line 201 in file startup_MDR32F9x.s
   Uses
      At line 77 in file startup_MDR32F9x.s
      At line 179 in file startup_MDR32F9x.s

COMPARATOR_IRQHandler 0000002A

Symbol: COMPARATOR_IRQHandler
   Definitions
      At line 214 in file startup_MDR32F9x.s
   Uses



ARM Macro Assembler    Page 2 Alphabetic symbol ordering
Relocatable symbols

      At line 95 in file startup_MDR32F9x.s
      At line 192 in file startup_MDR32F9x.s

DMA_IRQHandler 0000002A

Symbol: DMA_IRQHandler
   Definitions
      At line 203 in file startup_MDR32F9x.s
   Uses
      At line 81 in file startup_MDR32F9x.s
      At line 181 in file startup_MDR32F9x.s

DebugMon_Handler 00000024

Symbol: DebugMon_Handler
   Definitions
      At line 162 in file startup_MDR32F9x.s
   Uses
      At line 70 in file startup_MDR32F9x.s
      At line 163 in file startup_MDR32F9x.s

Default_Handler 0000002A

Symbol: Default_Handler
   Definitions
      At line 175 in file startup_MDR32F9x.s
   Uses
      None
Comment: Default_Handler unused
EXT_INT1_IRQHandler 0000002A

Symbol: EXT_INT1_IRQHandler
   Definitions
      At line 217 in file startup_MDR32F9x.s
   Uses
      At line 104 in file startup_MDR32F9x.s
      At line 195 in file startup_MDR32F9x.s

EXT_INT2_IRQHandler 0000002A

Symbol: EXT_INT2_IRQHandler
   Definitions
      At line 218 in file startup_MDR32F9x.s
   Uses
      At line 105 in file startup_MDR32F9x.s
      At line 196 in file startup_MDR32F9x.s

EXT_INT3_IRQHandler 0000002A

Symbol: EXT_INT3_IRQHandler
   Definitions
      At line 219 in file startup_MDR32F9x.s
   Uses
      At line 106 in file startup_MDR32F9x.s
      At line 197 in file startup_MDR32F9x.s

EXT_INT4_IRQHandler 0000002A

Symbol: EXT_INT4_IRQHandler



ARM Macro Assembler    Page 3 Alphabetic symbol ordering
Relocatable symbols

   Definitions
      At line 220 in file startup_MDR32F9x.s
   Uses
      At line 107 in file startup_MDR32F9x.s
      At line 198 in file startup_MDR32F9x.s

HardFault_Handler 0000000A

Symbol: HardFault_Handler
   Definitions
      At line 132 in file startup_MDR32F9x.s
   Uses
      At line 61 in file startup_MDR32F9x.s
      At line 133 in file startup_MDR32F9x.s

I2C_IRQHandler 0000002A

Symbol: I2C_IRQHandler
   Definitions
      At line 207 in file startup_MDR32F9x.s
   Uses
      At line 86 in file startup_MDR32F9x.s
      At line 185 in file startup_MDR32F9x.s

MemManage_Handler 0000001C

Symbol: MemManage_Handler
   Definitions
      At line 143 in file startup_MDR32F9x.s
   Uses
      At line 62 in file startup_MDR32F9x.s
      At line 144 in file startup_MDR32F9x.s

NMI_Handler 00000008

Symbol: NMI_Handler
   Definitions
      At line 127 in file startup_MDR32F9x.s
   Uses
      At line 60 in file startup_MDR32F9x.s
      At line 128 in file startup_MDR32F9x.s

POWER_IRQHandler 0000002A

Symbol: POWER_IRQHandler
   Definitions
      At line 208 in file startup_MDR32F9x.s
   Uses
      At line 87 in file startup_MDR32F9x.s
      At line 186 in file startup_MDR32F9x.s

PendSV_Handler 00000026

Symbol: PendSV_Handler
   Definitions
      At line 166 in file startup_MDR32F9x.s
   Uses
      At line 72 in file startup_MDR32F9x.s
      At line 167 in file startup_MDR32F9x.s



ARM Macro Assembler    Page 4 Alphabetic symbol ordering
Relocatable symbols


Reset_Handler 00000000

Symbol: Reset_Handler
   Definitions
      At line 115 in file startup_MDR32F9x.s
   Uses
      At line 59 in file startup_MDR32F9x.s
      At line 116 in file startup_MDR32F9x.s

SSP1_IRQHandler 0000002A

Symbol: SSP1_IRQHandler
   Definitions
      At line 206 in file startup_MDR32F9x.s
   Uses
      At line 84 in file startup_MDR32F9x.s
      At line 184 in file startup_MDR32F9x.s

SSP2_IRQHandler 0000002A

Symbol: SSP2_IRQHandler
   Definitions
      At line 215 in file startup_MDR32F9x.s
   Uses
      At line 96 in file startup_MDR32F9x.s
      At line 193 in file startup_MDR32F9x.s

SVC_Handler 00000022

Symbol: SVC_Handler
   Definitions
      At line 157 in file startup_MDR32F9x.s
   Uses
      At line 69 in file startup_MDR32F9x.s
      At line 158 in file startup_MDR32F9x.s

SysTick_Handler 00000028

Symbol: SysTick_Handler
   Definitions
      At line 170 in file startup_MDR32F9x.s
   Uses
      At line 73 in file startup_MDR32F9x.s
      At line 171 in file startup_MDR32F9x.s

Timer1_IRQHandler 0000002A

Symbol: Timer1_IRQHandler
   Definitions
      At line 210 in file startup_MDR32F9x.s
   Uses
      At line 90 in file startup_MDR32F9x.s
      At line 188 in file startup_MDR32F9x.s

Timer2_IRQHandler 0000002A

Symbol: Timer2_IRQHandler
   Definitions



ARM Macro Assembler    Page 5 Alphabetic symbol ordering
Relocatable symbols

      At line 211 in file startup_MDR32F9x.s
   Uses
      At line 91 in file startup_MDR32F9x.s
      At line 189 in file startup_MDR32F9x.s

Timer3_IRQHandler 0000002A

Symbol: Timer3_IRQHandler
   Definitions
      At line 212 in file startup_MDR32F9x.s
   Uses
      At line 92 in file startup_MDR32F9x.s
      At line 190 in file startup_MDR32F9x.s

UART1_IRQHandler 0000002A

Symbol: UART1_IRQHandler
   Definitions
      At line 204 in file startup_MDR32F9x.s
   Uses
      At line 82 in file startup_MDR32F9x.s
      At line 182 in file startup_MDR32F9x.s

UART2_IRQHandler 0000002A

Symbol: UART2_IRQHandler
   Definitions
      At line 205 in file startup_MDR32F9x.s
   Uses
      At line 83 in file startup_MDR32F9x.s
      At line 183 in file startup_MDR32F9x.s

USB_IRQHandler 0000002A

Symbol: USB_IRQHandler
   Definitions
      At line 202 in file startup_MDR32F9x.s
   Uses
      At line 78 in file startup_MDR32F9x.s
      At line 180 in file startup_MDR32F9x.s

UsageFault_Handler 00000020

Symbol: UsageFault_Handler
   Definitions
      At line 153 in file startup_MDR32F9x.s
   Uses
      At line 64 in file startup_MDR32F9x.s
      At line 154 in file startup_MDR32F9x.s

WWDG_IRQHandler 0000002A

Symbol: WWDG_IRQHandler
   Definitions
      At line 209 in file startup_MDR32F9x.s
   Uses
      At line 88 in file startup_MDR32F9x.s
      At line 187 in file startup_MDR32F9x.s




ARM Macro Assembler    Page 6 Alphabetic symbol ordering
Relocatable symbols

__user_initial_stackheap 0000002C

Symbol: __user_initial_stackheap
   Definitions
      At line 243 in file startup_MDR32F9x.s
   Uses
      At line 241 in file startup_MDR32F9x.s
Comment: __user_initial_stackheap used once
34 symbols



ARM Macro Assembler    Page 1 Alphabetic symbol ordering
Absolute symbols

Heap_Size 00000200

Symbol: Heap_Size
   Definitions
      At line 41 in file startup_MDR32F9x.s
   Uses
      At line 45 in file startup_MDR32F9x.s
      At line 247 in file startup_MDR32F9x.s

Stack_Size 00000400

Symbol: Stack_Size
   Definitions
      At line 30 in file startup_MDR32F9x.s
   Uses
      At line 33 in file startup_MDR32F9x.s
      At line 246 in file startup_MDR32F9x.s

__Vectors_Size 000000C0

Symbol: __Vectors_Size
   Definitions
      At line 110 in file startup_MDR32F9x.s
   Uses
      At line 56 in file startup_MDR32F9x.s
Comment: __Vectors_Size used once
3 symbols



ARM Macro Assembler    Page 1 Alphabetic symbol ordering
External symbols

SystemInit 00000000

Symbol: SystemInit
   Definitions
      At line 117 in file startup_MDR32F9x.s
   Uses
      At line 119 in file startup_MDR32F9x.s
Comment: SystemInit used once
__main 00000000

Symbol: __main
   Definitions
      At line 118 in file startup_MDR32F9x.s
   Uses
      At line 121 in file startup_MDR32F9x.s
Comment: __main used once
__use_two_region_memory 00000000

Symbol: __use_two_region_memory
   Definitions
      At line 240 in file startup_MDR32F9x.s
   Uses
      None
Comment: __use_two_region_memory unused
hard_fault_handler_c 00000000

Symbol: hard_fault_handler_c
   Definitions
      At line 134 in file startup_MDR32F9x.s
   Uses
      At line 139 in file startup_MDR32F9x.s
Comment: hard_fault_handler_c used once
4 symbols
385 symbols in table
